# JRE version: Java(TM) SE Runtime Environment (8.0_131-b11) (build 1.8.0_131-b11)
# Java VM: Java HotSpot(TM) 64-Bit Server VM (25.131-b11 mixed mode windows-amd64 compressed oops)
Heap:
 PSYoungGen      total 383488K, used 89315K [0x0000000780700000, 0x000000079a680000, 0x00000007c0000000)
  eden space 365056K, 24% used [0x0000000780700000,0x0000000785e38fb0,0x0000000796b80000)
  from space 18432K, 0% used [0x0000000798000000,0x0000000798000000,0x0000000799200000)
  to   space 20992K, 0% used [0x0000000796b80000,0x0000000796b80000,0x0000000798000000)
 ParOldGen       total 205824K, used 47838K [0x0000000701400000, 0x000000070dd00000, 0x0000000780700000)
  object space 205824K, 23% used [0x0000000701400000,0x00000007042b7b38,0x000000070dd00000)
 Metaspace       used 60063K, capacity 60860K, committed 61144K, reserved 1101824K
  class space    used 7627K, capacity 7826K, committed 7936K, reserved 1048576K
GC Heap History (10 events):
Event: 7.999 GC heap before
{Heap before GC invocations=11 (full 2):
 PSYoungGen      total 253952K, used 10227K [0x0000000780700000, 0x0000000796000000, 0x00000007c0000000)
  eden space 237056K, 0% used [0x0000000780700000,0x0000000780700000,0x000000078ee80000)
  from space 16896K, 60% used [0x000000078ee80000,0x000000078f87cd58,0x000000078ff00000)
  to   space 16384K, 0% used [0x0000000795000000,0x0000000795000000,0x0000000796000000)
 ParOldGen       total 82944K, used 17381K [0x0000000701400000, 0x0000000706500000, 0x0000000780700000)
  object space 82944K, 20% used [0x0000000701400000,0x00000007024f94d0,0x0000000706500000)
 Metaspace       used 34764K, capacity 35144K, committed 35456K, reserved 1081344K
  class space    used 4310K, capacity 4407K, committed 4480K, reserved 1048576K
Event: 8.202 GC heap after
Heap after GC invocations=11 (full 2):
 PSYoungGen      total 253952K, used 0K [0x0000000780700000, 0x0000000796000000, 0x00000007c0000000)
  eden space 237056K, 0% used [0x0000000780700000,0x0000000780700000,0x000000078ee80000)
  from space 16896K, 0% used [0x000000078ee80000,0x000000078ee80000,0x000000078ff00000)
  to   space 16384K, 0% used [0x0000000795000000,0x0000000795000000,0x0000000796000000)
 ParOldGen       total 136192K, used 23069K [0x0000000701400000, 0x0000000709900000, 0x0000000780700000)
  object space 136192K, 16% used [0x0000000701400000,0x0000000702a875d8,0x0000000709900000)
 Metaspace       used 34764K, capacity 35144K, committed 35456K, reserved 1081344K
  class space    used 4310K, capacity 4407K, committed 4480K, reserved 1048576K
}
Event: 10.811 GC heap before
{Heap before GC invocations=12 (full 2):
 PSYoungGen      total 253952K, used 237056K [0x0000000780700000, 0x0000000796000000, 0x00000007c0000000)
  eden space 237056K, 100% used [0x0000000780700000,0x000000078ee80000,0x000000078ee80000)
  from space 16896K, 0% used [0x000000078ee80000,0x000000078ee80000,0x000000078ff00000)
  to   space 16384K, 0% used [0x0000000795000000,0x0000000795000000,0x0000000796000000)
 ParOldGen       total 136192K, used 23069K [0x0000000701400000, 0x0000000709900000, 0x0000000780700000)
  object space 136192K, 16% used [0x0000000701400000,0x0000000702a875d8,0x0000000709900000)
 Metaspace       used 46513K, capacity 47020K, committed 47488K, reserved 1091584K
  class space    used 5888K, capacity 5997K, committed 6016K, reserved 1048576K
Event: 10.834 GC heap after
Heap after GC invocations=12 (full 2):
 PSYoungGen      total 311808K, used 16368K [0x0000000780700000, 0x0000000796000000, 0x00000007c0000000)
  eden space 295424K, 0% used [0x0000000780700000,0x0000000780700000,0x0000000792780000)
  from space 16384K, 99% used [0x0000000795000000,0x0000000795ffc0a8,0x0000000796000000)
  to   space 18432K, 0% used [0x0000000793c00000,0x0000000793c00000,0x0000000794e00000)
 ParOldGen       total 136192K, used 23209K [0x0000000701400000, 0x0000000709900000, 0x0000000780700000)
  object space 136192K, 17% used [0x0000000701400000,0x0000000702aaa428,0x0000000709900000)
 Metaspace       used 46513K, capacity 47020K, committed 47488K, reserved 1091584K
  class space    used 5888K, capacity 5997K, committed 6016K, reserved 1048576K
}
Event: 14.639 GC heap before
{Heap before GC invocations=13 (full 2):
 PSYoungGen      total 311808K, used 311792K [0x0000000780700000, 0x0000000796000000, 0x00000007c0000000)
  eden space 295424K, 100% used [0x0000000780700000,0x0000000792780000,0x0000000792780000)
  from space 16384K, 99% used [0x0000000795000000,0x0000000795ffc0a8,0x0000000796000000)
  to   space 18432K, 0% used [0x0000000793c00000,0x0000000793c00000,0x0000000794e00000)
 ParOldGen       total 136192K, used 23209K [0x0000000701400000, 0x0000000709900000, 0x0000000780700000)
  object space 136192K, 17% used [0x0000000701400000,0x0000000702aaa428,0x0000000709900000)
 Metaspace       used 51190K, capacity 51914K, committed 52224K, reserved 1095680K
  class space    used 6432K, capacity 6578K, committed 6656K, reserved 1048576K
Event: 14.702 GC heap after
Heap after GC invocations=13 (full 2):
 PSYoungGen      total 334848K, used 13134K [0x0000000780700000, 0x0000000799200000, 0x00000007c0000000)
  eden space 316416K, 0% used [0x0000000780700000,0x0000000780700000,0x0000000793c00000)
  from space 18432K, 71% used [0x0000000793c00000,0x00000007948d38f8,0x0000000794e00000)
  to   space 18432K, 0% used [0x0000000798000000,0x0000000798000000,0x0000000799200000)
 ParOldGen       total 136192K, used 31378K [0x0000000701400000, 0x0000000709900000, 0x0000000780700000)
  object space 136192K, 23% used [0x0000000701400000,0x00000007032a4b48,0x0000000709900000)
 Metaspace       used 51190K, capacity 51914K, committed 52224K, reserved 1095680K
  class space    used 6432K, capacity 6578K, committed 6656K, reserved 1048576K
}
Event: 23.187 GC heap before
{Heap before GC invocations=14 (full 2):
 PSYoungGen      total 334848K, used 165025K [0x0000000780700000, 0x0000000799200000, 0x00000007c0000000)
  eden space 316416K, 48% used [0x0000000780700000,0x0000000789b54b38,0x0000000793c00000)
  from space 18432K, 71% used [0x0000000793c00000,0x00000007948d38f8,0x0000000794e00000)
  to   space 18432K, 0% used [0x0000000798000000,0x0000000798000000,0x0000000799200000)
 ParOldGen       total 136192K, used 31378K [0x0000000701400000, 0x0000000709900000, 0x0000000780700000)
  object space 136192K, 23% used [0x0000000701400000,0x00000007032a4b48,0x0000000709900000)
 Metaspace       used 58124K, capacity 58854K, committed 59096K, reserved 1101824K
  class space    used 7399K, capacity 7593K, committed 7680K, reserved 1048576K
Event: 23.212 GC heap after
Heap after GC invocations=14 (full 2):
 PSYoungGen      total 383488K, used 18430K [0x0000000780700000, 0x000000079a680000, 0x00000007c0000000)
  eden space 365056K, 0% used [0x0000000780700000,0x0000000780700000,0x0000000796b80000)
  from space 18432K, 99% used [0x0000000798000000,0x00000007991ffb10,0x0000000799200000)
  to   space 20992K, 0% used [0x0000000796b80000,0x0000000796b80000,0x0000000798000000)
 ParOldGen       total 136192K, used 32089K [0x0000000701400000, 0x0000000709900000, 0x0000000780700000)
  object space 136192K, 23% used [0x0000000701400000,0x00000007033567f8,0x0000000709900000)
 Metaspace       used 58124K, capacity 58854K, committed 59096K, reserved 1101824K
  class space    used 7399K, capacity 7593K, committed 7680K, reserved 1048576K
}
Event: 23.212 GC heap before
{Heap before GC invocations=15 (full 3):
 PSYoungGen      total 383488K, used 18430K [0x0000000780700000, 0x000000079a680000, 0x00000007c0000000)
  eden space 365056K, 0% used [0x0000000780700000,0x0000000780700000,0x0000000796b80000)
  from space 18432K, 99% used [0x0000000798000000,0x00000007991ffb10,0x0000000799200000)
  to   space 20992K, 0% used [0x0000000796b80000,0x0000000796b80000,0x0000000798000000)
 ParOldGen       total 136192K, used 32089K [0x0000000701400000, 0x0000000709900000, 0x0000000780700000)
  object space 136192K, 23% used [0x0000000701400000,0x00000007033567f8,0x0000000709900000)
 Metaspace       used 58124K, capacity 58854K, committed 59096K, reserved 1101824K
  class space    used 7399K, capacity 7593K, committed 7680K, reserved 1048576K
Event: 23.572 GC heap after
Heap after GC invocations=15 (full 3):
 PSYoungGen      total 383488K, used 0K [0x0000000780700000, 0x000000079a680000, 0x00000007c0000000)
  eden space 365056K, 0% used [0x0000000780700000,0x0000000780700000,0x0000000796b80000)
  from space 18432K, 0% used [0x0000000798000000,0x0000000798000000,0x0000000799200000)
  to   space 20992K, 0% used [0x0000000796b80000,0x0000000796b80000,0x0000000798000000)
 ParOldGen       total 205824K, used 47838K [0x0000000701400000, 0x000000070dd00000, 0x0000000780700000)
  object space 205824K, 23% used [0x0000000701400000,0x00000007042b7b38,0x000000070dd00000)
 Metaspace       used 58124K, capacity 58854K, committed 59096K, reserved 1101824K
  class space    used 7399K, capacity 7593K, committed 7680K, reserved 1048576K
}

